[debug] [2022-10-24T11:22:52.782Z] ----------------------------------------------------------------------
[debug] [2022-10-24T11:22:52.785Z] Command:       C:\Program Files (x86)\nodejs\node.exe C:\Users\NH\AppData\Roaming\npm\node_modules\firebase-tools\lib\bin\firebase.js -P portfolio-d1cdc init
[debug] [2022-10-24T11:22:52.786Z] CLI Version:   11.15.0
[debug] [2022-10-24T11:22:52.786Z] Platform:      win32
[debug] [2022-10-24T11:22:52.786Z] Node Version:  v16.15.1
[debug] [2022-10-24T11:22:52.787Z] Time:          Mon Oct 24 2022 12:22:52 GMT+0100 (West Africa Standard Time)
[debug] [2022-10-24T11:22:52.788Z] ----------------------------------------------------------------------
[debug] 
[debug] [2022-10-24T11:22:52.797Z] > command requires scopes: ["email","openid","https://www.googleapis.com/auth/cloudplatformprojects.readonly","https://www.googleapis.com/auth/firebase","https://www.googleapis.com/auth/cloud-platform"]
[debug] [2022-10-24T11:22:52.798Z] > authorizing via signed-in user (dolapojohnson99@gmail.com)
[info] 
     ######## #### ########  ######## ########     ###     ######  ########
     ##        ##  ##     ## ##       ##     ##  ##   ##  ##       ##
     ######    ##  ########  ######   ########  #########  ######  ######
     ##        ##  ##    ##  ##       ##     ## ##     ##       ## ##
     ##       #### ##     ## ######## ########  ##     ##  ######  ########

You're about to initialize a Firebase project in this directory:

  C:\Users\NH\portfolio

[info] 
=== Project Setup
[info] 
[info] First, let's associate this project directory with a Firebase project.
[info] You can create multiple project aliases by running firebase use --add, 
[info] but for now we'll just set up a default project.
[info] 
[debug] [2022-10-24T11:23:03.742Z] Using project from CLI flag: portfolio-d1cdc
[debug] [2022-10-24T11:23:03.749Z] >>> [apiv2][query] GET https://firebase.googleapis.com/v1beta1/projects/portfolio-d1cdc [none]
[debug] [2022-10-24T11:23:04.643Z] <<< [apiv2][status] GET https://firebase.googleapis.com/v1beta1/projects/portfolio-d1cdc 200
[debug] [2022-10-24T11:23:04.644Z] <<< [apiv2][body] GET https://firebase.googleapis.com/v1beta1/projects/portfolio-d1cdc {"projectId":"portfolio-d1cdc","projectNumber":"248611835191","displayName":"Portfolio","name":"projects/portfolio-d1cdc","resources":{"hostingSite":"portfolio-d1cdc"},"state":"ACTIVE","etag":"1_35cc1bf9-27ea-42eb-b39d-206730c8efbb"}
[info] i  Using project portfolio-d1cdc (Portfolio) 
[info] 
=== Hosting Setup
[info] 
[info] Your public directory is the folder (relative to your project directory) that
[info] will contain Hosting assets to be uploaded with firebase deploy. If you
[info] have a build process for your assets, use your build's output directory.
[info] 
[info] +  Wrote dist/portfolio/404.html 
[debug] [2022-10-24T11:25:52.363Z] >>> [apiv2][query] GET https://www.gstatic.com/firebasejs/releases.json [none]
[debug] [2022-10-24T11:25:52.616Z] <<< [apiv2][status] GET https://www.gstatic.com/firebasejs/releases.json 200
[debug] [2022-10-24T11:25:52.617Z] <<< [apiv2][body] GET https://www.gstatic.com/firebasejs/releases.json {"current":{"version":"9.12.1","browserURL":"https://www.gstatic.com/firebasejs/9.12.1/firebase.js","packageURL":"https://www.gstatic.com/firebasejs/9.12.1/firebase.tgz"},"live":{"version":"9.12","browserURL":"https://www.gstatic.com/firebasejs/live/9.12/firebase.js","packageURL":"https://www.gstatic.com/firebasejs/live/9.12/firebase.tgz"},"components":{"analytics":"https://www.gstatic.com/firebasejs/9.12.1/firebase-analytics.js","app":"https://www.gstatic.com/firebasejs/9.12.1/firebase-app.js","app-check":"https://www.gstatic.com/firebasejs/9.12.1/firebase-app-check.js","auth":"https://www.gstatic.com/firebasejs/9.12.1/firebase-auth.js","auth/cordova":"https://www.gstatic.com/firebasejs/9.12.1/firebase-auth/cordova.js","auth/react-native":"https://www.gstatic.com/firebasejs/9.12.1/firebase-auth/react-native.js","functions":"https://www.gstatic.com/firebasejs/9.12.1/firebase-functions.js","firestore":"https://www.gstatic.com/firebasejs/9.12.1/firebase-firestore.js","firestore/lite":"https://www.gstatic.com/firebasejs/9.12.1/firebase-firestore/lite.js","installations":"https://www.gstatic.com/firebasejs/9.12.1/firebase-installations.js","storage":"https://www.gstatic.com/firebasejs/9.12.1/firebase-storage.js","performance":"https://www.gstatic.com/firebasejs/9.12.1/firebase-performance.js","remote-config":"https://www.gstatic.com/firebasejs/9.12.1/firebase-remote-config.js","messaging":"https://www.gstatic.com/firebasejs/9.12.1/firebase-messaging.js","messaging/sw":"https://www.gstatic.com/firebasejs/9.12.1/firebase-messaging/sw.js","database":"https://www.gstatic.com/firebasejs/9.12.1/firebase-database.js","firestore.memory":"https://www.gstatic.com/firebasejs/9.12.1/firebase-firestore.memory.js"}}
[info] +  Wrote dist/portfolio/index.html 
[info] 
[info] i  Detected a .git folder at C:\Users\NH\portfolio 
[info] i  Authorizing with GitHub to upload your service account to a GitHub repository's secrets store. 
[info] 
[info] Visit this URL on this device to log in:
[info] https://github.com/login/oauth/authorize?client_id=89cf50f02ac6aaed3484&state=685752411&redirect_uri=http%3A%2F%2Flocalhost%3A9005&scope=read%3Auser%20repo%20public_repo
[info] 
[info] Waiting for authentication...
[debug] [2022-10-24T11:26:16.429Z] >>> [apiv2][query] POST https://github.com/login/oauth/access_token [none]
[debug] [2022-10-24T11:26:16.429Z] >>> [apiv2][body] POST https://github.com/login/oauth/access_token [stream]
[debug] [2022-10-24T11:26:17.117Z] <<< [apiv2][status] POST https://github.com/login/oauth/access_token 200
[debug] [2022-10-24T11:26:17.118Z] <<< [apiv2][body] POST https://github.com/login/oauth/access_token {"access_token":"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","token_type":"bearer","scope":"read:user,repo"}
[debug] [2022-10-24T11:26:17.216Z] >>> [apiv2][query] GET https://api.github.com/user [none]
[debug] [2022-10-24T11:26:18.031Z] <<< [apiv2][status] GET https://api.github.com/user 200
[debug] [2022-10-24T11:26:18.033Z] <<< [apiv2][body] GET https://api.github.com/user {"login":"dolapoj","id":112550414,"node_id":"U_kgDOBrViDg","avatar_url":"https://avatars.githubusercontent.com/u/112550414?v=4","gravatar_id":"","url":"https://api.github.com/users/dolapoj","html_url":"https://github.com/dolapoj","followers_url":"https://api.github.com/users/dolapoj/followers","following_url":"https://api.github.com/users/dolapoj/following{/other_user}","gists_url":"https://api.github.com/users/dolapoj/gists{/gist_id}","starred_url":"https://api.github.com/users/dolapoj/starred{/owner}{/repo}","subscriptions_url":"https://api.github.com/users/dolapoj/subscriptions","organizations_url":"https://api.github.com/users/dolapoj/orgs","repos_url":"https://api.github.com/users/dolapoj/repos","events_url":"https://api.github.com/users/dolapoj/events{/privacy}","received_events_url":"https://api.github.com/users/dolapoj/received_events","type":"User","site_admin":false,"name":null,"company":null,"blog":"","location":null,"email":null,"hireable":null,"bio":null,"twitter_username":null,"public_repos":0,"public_gists":0,"followers":0,"following":0,"created_at":"2022-08-31T09:56:40Z","updated_at":"2022-08-31T09:56:40Z","private_gists":0,"total_private_repos":0,"owned_private_repos":0,"disk_usage":0,"collaborators":0,"two_factor_authentication":false,"plan":{"name":"free","space":976562499,"collaborators":0,"private_repos":10000}}
[info] 
[info] +  Success! Logged into GitHub as dolapoj 
[info] 
[debug] [2022-10-24T11:27:39.666Z] >>> [apiv2][query] GET https://api.github.com/repos/portfolio/actions/secrets/public-key type=owner
[debug] [2022-10-24T11:27:40.446Z] <<< [apiv2][status] GET https://api.github.com/repos/portfolio/actions/secrets/public-key 404
[debug] [2022-10-24T11:27:40.446Z] <<< [apiv2][body] GET https://api.github.com/repos/portfolio/actions/secrets/public-key {"message":"Not Found","documentation_url":"https://docs.github.com/rest"}
[debug] [2022-10-24T11:29:25.467Z] >>> [apiv2][query] GET https://api.github.com/repos/dolapojohnson/portfolio/actions/secrets/public-key type=owner
[debug] [2022-10-24T11:29:26.277Z] <<< [apiv2][status] GET https://api.github.com/repos/dolapojohnson/portfolio/actions/secrets/public-key 403
[debug] [2022-10-24T11:29:26.280Z] <<< [apiv2][body] GET https://api.github.com/repos/dolapojohnson/portfolio/actions/secrets/public-key {"message":"Must have admin rights to Repository.","documentation_url":"https://docs.github.com/rest/reference/actions#get-a-repository-public-key"}
[info] 
[info] 
[error] !  The provided authorization cannot be used with this repository. If this repository is in an organization, did you remember to grant access? 
[info] 
[info] i  Action required: Visit this URL to ensure access has been granted to the appropriate organization(s) for the Firebase CLI GitHub OAuth App: 
[info] https://github.com/settings/connections/applications/89cf50f02ac6aaed3484
[info] 
